{
  "0 debug pnpm:scope": {
    "selected": 1,
    "workspacePrefix": "C:\\Users\\wenge\\Desktop\\test\\mySource\\vue3.2-mySource"
  },
  "1 error pnpm": {
    "errno": 1,
    "code": "ELIFECYCLE",
    "pkgid": "vue3zf@1.0.0",
    "stage": "dev",
    "script": "node scripts/dev.js --envirment",
    "pkgname": "vue3zf",
    "err": {
      "name": "pnpm",
      "message": "vue3zf@1.0.0 dev: `node scripts/dev.js --envirment`\nExit status 1",
      "code": "ELIFECYCLE",
      "stack": "pnpm: vue3zf@1.0.0 dev: `node scripts/dev.js --envirment`\nExit status 1\n    at EventEmitter.<anonymous> (C:\\Users\\wenge\\AppData\\Roaming\\npm\\node_modules\\pnpm\\dist\\pnpm.cjs:105664:20)\n    at EventEmitter.emit (node:events:390:28)\n    at ChildProcess.<anonymous> (C:\\Users\\wenge\\AppData\\Roaming\\npm\\node_modules\\pnpm\\dist\\pnpm.cjs:92211:18)\n    at ChildProcess.emit (node:events:390:28)\n    at maybeClose (node:internal/child_process:1064:16)\n    at Process.ChildProcess._handle.onexit (node:internal/child_process:301:5)"
    }
  },
  "2 warn pnpm:global": " Local package.json exists, but node_modules missing, did you mean to install?"
}